<?xml version="1.0" encoding="UTF-8"?>
<testsuite name="helloboot.tobyspringboot.DataSourceTest" tests="1" skipped="0" failures="0" errors="0" timestamp="2023-02-13T15:53:45" hostname="bjp-Macmini.local" time="0.513">
  <properties/>
  <testcase name="connect()" classname="helloboot.tobyspringboot.DataSourceTest" time="0.513"/>
  <system-out><![CDATA[00:53:43.824 [Test worker] DEBUG org.springframework.boot.test.autoconfigure.jdbc.JdbcTestContextBootstrapper - Neither @ContextConfiguration nor @ContextHierarchy found for test class [DataSourceTest]: using SpringBootContextLoader
00:53:43.826 [Test worker] DEBUG org.springframework.test.context.support.AbstractContextLoader - Could not detect default resource locations for test class [helloboot.tobyspringboot.DataSourceTest]: no resource found for suffixes {-context.xml, Context.groovy}.
00:53:43.827 [Test worker] INFO org.springframework.test.context.support.AnnotationConfigContextLoaderUtils - Could not detect default configuration classes for test class [helloboot.tobyspringboot.DataSourceTest]: DataSourceTest does not declare any static, non-private, non-final, nested classes annotated with @Configuration.
00:53:43.878 [Test worker] DEBUG org.springframework.boot.test.autoconfigure.jdbc.JdbcTestContextBootstrapper - Using ContextCustomizers for test class [DataSourceTest]: [DisableAutoConfigurationContextCustomizer, DisableObservabilityContextCustomizer, TypeExcludeFiltersContextCustomizer, PropertyMappingContextCustomizer, Customizer, ImportsContextCustomizer, ExcludeFilterContextCustomizer, DuplicateJsonObjectContextCustomizer, MockitoContextCustomizer]
00:53:43.978 [Test worker] DEBUG org.springframework.context.annotation.ClassPathScanningCandidateComponentProvider - Identified candidate component class: file [/Users/qjawlsqjacks/Projects/Toby-Spring-Boot/build/classes/java/main/helloboot/tobyspringboot/TobySpringBootApplication.class]
00:53:43.980 [Test worker] INFO org.springframework.boot.test.context.SpringBootTestContextBootstrapper - Found @SpringBootConfiguration helloboot.tobyspringboot.TobySpringBootApplication for test class helloboot.tobyspringboot.DataSourceTest
00:53:44.000 [Test worker] DEBUG org.springframework.boot.test.autoconfigure.jdbc.JdbcTestContextBootstrapper - Using TestExecutionListeners for test class [DataSourceTest]: [ServletTestExecutionListener, DirtiesContextBeforeModesTestExecutionListener, ApplicationEventsTestExecutionListener, MockitoTestExecutionListener, DependencyInjectionTestExecutionListener, DirtiesContextTestExecutionListener, TransactionalTestExecutionListener, SqlScriptsTestExecutionListener, EventPublishingTestExecutionListener, RestDocsTestExecutionListener, MockRestServiceServerResetTestExecutionListener, MockMvcPrintOnlyOnFailureTestExecutionListener, WebDriverTestExecutionListener, MockWebServiceServerTestExecutionListener, ResetMocksTestExecutionListener]
00:53:44.001 [Test worker] DEBUG org.springframework.test.context.support.AbstractDirtiesContextTestExecutionListener - Before test class: class [DataSourceTest], class annotated with @DirtiesContext [false] with mode [null]
00:53:44.005 [Test worker] DEBUG org.springframework.test.context.support.DependencyInjectionTestExecutionListener - Performing dependency injection for test class helloboot.tobyspringboot.DataSourceTest

  .   ____          _            __ _ _
 /\\ / ___'_ __ _ _(_)_ __  __ _ \ \ \ \
( ( )\___ | '_ | '_| | '_ \/ _` | \ \ \ \
 \\/  ___)| |_)| | | | | || (_| |  ) ) ) )
  '  |____| .__|_| |_|_| |_\__, | / / / /
 =========|_|==============|___/=/_/_/_/
 :: Spring Boot ::                (v3.0.0)

2023-02-14T00:53:44.375+09:00  INFO 19865 --- [    Test worker] h.tobyspringboot.DataSourceTest          : Starting DataSourceTest using Java 17.0.4.1 with PID 19865 (started by qjawlsqjacks in /Users/qjawlsqjacks/Projects/Toby-Spring-Boot)
2023-02-14T00:53:44.377+09:00  INFO 19865 --- [    Test worker] h.tobyspringboot.DataSourceTest          : No active profile set, falling back to 1 default profile: "default"
2023-02-14T00:53:44.865+09:00  INFO 19865 --- [    Test worker] beddedDataSourceBeanFactoryPostProcessor : Replacing 'dataSource' DataSource bean with embedded version
2023-02-14T00:53:44.996+09:00  INFO 19865 --- [    Test worker] o.s.j.d.e.EmbeddedDatabaseFactory        : Starting embedded database: url='jdbc:h2:mem:4103ded9-f431-4db6-91f9-ca469b8347ec;DB_CLOSE_DELAY=-1;DB_CLOSE_ON_EXIT=false', username='sa'
2023-02-14T00:53:45.470+09:00  INFO 19865 --- [    Test worker] h.tobyspringboot.DataSourceTest          : Started DataSourceTest in 1.427 seconds (process running for 3.675)
org.springframework.boot.autoconfigure.cache.NoOpCacheConfiguration
	Cache org.springframework.boot.autoconfigure.cache.NoOpCacheConfiguration NONE cache type

org.springframework.boot.autoconfigure.jdbc.DataSourceAutoConfiguration
	@ConditionalOnClass found required classes 'javax.sql.DataSource', 'org.springframework.jdbc.datasource.embedded.EmbeddedDatabaseType'
	@ConditionalOnMissingBean (types: io.r2dbc.spi.ConnectionFactory; SearchStrategy: all) did not find any beans

org.springframework.boot.autoconfigure.jdbc.DataSourceAutoConfiguration$PooledDataSourceConfiguration
	AnyNestedCondition 1 matched 1 did not; NestedCondition on DataSourceAutoConfiguration.PooledDataSourceCondition.PooledDataSourceAvailable PooledDataSource found supported DataSource; NestedCondition on DataSourceAutoConfiguration.PooledDataSourceCondition.ExplicitType @ConditionalOnProperty (spring.datasource.type) did not find property 'type'
	@ConditionalOnMissingBean (types: javax.sql.DataSource,javax.sql.XADataSource; SearchStrategy: all) did not find any beans

org.springframework.boot.autoconfigure.jdbc.DataSourceConfiguration$Hikari
	@ConditionalOnClass found required class 'com.zaxxer.hikari.HikariDataSource'
	@ConditionalOnProperty (spring.datasource.type=com.zaxxer.hikari.HikariDataSource) matched
	@ConditionalOnMissingBean (types: javax.sql.DataSource; SearchStrategy: all) did not find any beans

org.springframework.boot.autoconfigure.jdbc.DataSourceTransactionManagerAutoConfiguration
	@ConditionalOnClass found required classes 'org.springframework.jdbc.core.JdbcTemplate', 'org.springframework.transaction.TransactionManager'

org.springframework.boot.autoconfigure.jdbc.DataSourceTransactionManagerAutoConfiguration$JdbcTransactionManagerConfiguration
	@ConditionalOnSingleCandidate (types: javax.sql.DataSource; SearchStrategy: all) found a single bean 'dataSource'

org.springframework.boot.autoconfigure.jdbc.DataSourceTransactionManagerAutoConfiguration$JdbcTransactionManagerConfiguration#transactionManager
	@ConditionalOnMissingBean (types: org.springframework.transaction.TransactionManager; SearchStrategy: all) did not find any beans

org.springframework.boot.autoconfigure.jdbc.JdbcTemplateAutoConfiguration
	@ConditionalOnClass found required classes 'javax.sql.DataSource', 'org.springframework.jdbc.core.JdbcTemplate'
	@ConditionalOnSingleCandidate (types: javax.sql.DataSource; SearchStrategy: all) found a single bean 'dataSource'

org.springframework.boot.autoconfigure.jdbc.JdbcTemplateConfiguration
	@ConditionalOnMissingBean (types: org.springframework.jdbc.core.JdbcOperations; SearchStrategy: all) did not find any beans

org.springframework.boot.autoconfigure.jdbc.NamedParameterJdbcTemplateConfiguration
	@ConditionalOnSingleCandidate (types: org.springframework.jdbc.core.JdbcTemplate; SearchStrategy: all) found a single bean 'jdbcTemplate'; @ConditionalOnMissingBean (types: org.springframework.jdbc.core.namedparam.NamedParameterJdbcOperations; SearchStrategy: all) did not find any beans

org.springframework.boot.autoconfigure.jdbc.metadata.DataSourcePoolMetadataProvidersConfiguration$HikariPoolDataSourceMetadataProviderConfiguration
	@ConditionalOnClass found required class 'com.zaxxer.hikari.HikariDataSource'

org.springframework.boot.autoconfigure.sql.init.DataSourceInitializationConfiguration
	@ConditionalOnClass found required class 'org.springframework.jdbc.datasource.init.DatabasePopulator'
	@ConditionalOnSingleCandidate (types: javax.sql.DataSource; SearchStrategy: all) found a single bean 'dataSource'; @ConditionalOnMissingBean (types: org.springframework.boot.autoconfigure.sql.init.SqlDataSourceScriptDatabaseInitializer,org.springframework.boot.autoconfigure.sql.init.SqlR2dbcScriptDatabaseInitializer; SearchStrategy: all) did not find any beans

org.springframework.boot.autoconfigure.sql.init.SqlInitializationAutoConfiguration
	@ConditionalOnProperty (spring.sql.init.enabled) matched
	NoneNestedConditions 0 matched 1 did not; NestedCondition on SqlInitializationAutoConfiguration.SqlInitializationModeCondition.ModeIsNever @ConditionalOnProperty (spring.sql.init.mode=never) did not find property 'mode'

org.springframework.boot.autoconfigure.transaction.TransactionAutoConfiguration
	@ConditionalOnClass found required class 'org.springframework.transaction.PlatformTransactionManager'

org.springframework.boot.autoconfigure.transaction.TransactionAutoConfiguration#platformTransactionManagerCustomizers
	@ConditionalOnMissingBean (types: org.springframework.boot.autoconfigure.transaction.TransactionManagerCustomizers; SearchStrategy: all) did not find any beans

org.springframework.boot.autoconfigure.transaction.TransactionAutoConfiguration$EnableTransactionManagementConfiguration
	@ConditionalOnBean (types: org.springframework.transaction.TransactionManager; SearchStrategy: all) found bean 'transactionManager'; @ConditionalOnMissingBean (types: org.springframework.transaction.annotation.AbstractTransactionManagementConfiguration; SearchStrategy: all) did not find any beans

org.springframework.boot.autoconfigure.transaction.TransactionAutoConfiguration$EnableTransactionManagementConfiguration$CglibAutoProxyConfiguration
	@ConditionalOnProperty (spring.aop.proxy-target-class=true) matched

org.springframework.boot.autoconfigure.transaction.TransactionAutoConfiguration$TransactionTemplateConfiguration
	@ConditionalOnSingleCandidate (types: org.springframework.transaction.PlatformTransactionManager; SearchStrategy: all) found a single bean 'transactionManager'

org.springframework.boot.autoconfigure.transaction.TransactionAutoConfiguration$TransactionTemplateConfiguration#transactionTemplate
	@ConditionalOnMissingBean (types: org.springframework.transaction.support.TransactionOperations; SearchStrategy: all) did not find any beans

org.springframework.boot.test.autoconfigure.jdbc.TestDatabaseAutoConfiguration#embeddedDataSourceBeanFactoryPostProcessor
	@ConditionalOnProperty (spring.test.database.replace=ANY) matched

20
]]></system-out>
  <system-err><![CDATA[]]></system-err>
</testsuite>
