<?xml version="1.0" encoding="UTF-8"?>
<testsuite name="helloboot.study.ConfigurationTest" tests="2" skipped="0" failures="0" errors="0" timestamp="2023-02-13T15:53:43" hostname="bjp-Macmini.local" time="0.029">
  <properties/>
  <testcase name="proxyCommonMethod()" classname="helloboot.study.ConfigurationTest" time="0.0"/>
  <testcase name="configuration()" classname="helloboot.study.ConfigurationTest" time="0.028"/>
  <system-out><![CDATA[00:53:43.736 [Test worker] DEBUG org.springframework.context.annotation.AnnotationConfigApplicationContext - Refreshing org.springframework.context.annotation.AnnotationConfigApplicationContext@581d969c
00:53:43.738 [Test worker] DEBUG org.springframework.beans.factory.support.DefaultListableBeanFactory - Creating shared instance of singleton bean 'org.springframework.context.annotation.internalConfigurationAnnotationProcessor'
00:53:43.751 [Test worker] DEBUG org.springframework.beans.factory.support.DefaultListableBeanFactory - Creating shared instance of singleton bean 'org.springframework.context.event.internalEventListenerProcessor'
00:53:43.752 [Test worker] DEBUG org.springframework.beans.factory.support.DefaultListableBeanFactory - Creating shared instance of singleton bean 'org.springframework.context.event.internalEventListenerFactory'
00:53:43.752 [Test worker] DEBUG org.springframework.beans.factory.support.DefaultListableBeanFactory - Creating shared instance of singleton bean 'org.springframework.context.annotation.internalAutowiredAnnotationProcessor'
00:53:43.754 [Test worker] DEBUG org.springframework.beans.factory.support.DefaultListableBeanFactory - Creating shared instance of singleton bean 'org.springframework.context.annotation.internalCommonAnnotationProcessor'
00:53:43.755 [Test worker] DEBUG org.springframework.beans.factory.support.DefaultListableBeanFactory - Creating shared instance of singleton bean 'configurationTest.Config'
00:53:43.756 [Test worker] DEBUG org.springframework.beans.factory.support.DefaultListableBeanFactory - Creating shared instance of singleton bean 'common'
00:53:43.757 [Test worker] DEBUG org.springframework.beans.factory.support.DefaultListableBeanFactory - Creating shared instance of singleton bean 'bean1'
00:53:43.758 [Test worker] DEBUG org.springframework.beans.factory.support.DefaultListableBeanFactory - Creating shared instance of singleton bean 'bean2'
]]></system-out>
  <system-err><![CDATA[]]></system-err>
</testsuite>
