<?xml version="1.0" encoding="UTF-8"?>
<testsuite name="helloboot.tobyspringboot.HelloControllerTest" tests="2" skipped="0" failures="0" errors="0" timestamp="2023-02-13T15:53:48" hostname="bjp-Macmini.local" time="0.006">
  <properties/>
  <testcase name="helloControllerNullTest()" classname="helloboot.tobyspringboot.HelloControllerTest" time="0.003"/>
  <testcase name="helloControllerTest()" classname="helloboot.tobyspringboot.HelloControllerTest" time="0.001"/>
  <system-out><![CDATA[]]></system-out>
  <system-err><![CDATA[]]></system-err>
</testsuite>
