<?xml version="1.0" encoding="UTF-8"?>
<testsuite name="helloboot.tobyspringboot.HelloServiceTest" tests="2" skipped="0" failures="0" errors="0" timestamp="2023-02-13T15:53:49" hostname="bjp-Macmini.local" time="0.007">
  <properties/>
  <testcase name="decoratorHelloServiceTest()" classname="helloboot.tobyspringboot.HelloServiceTest" time="0.005"/>
  <testcase name="simpleHelloServiceTest()" classname="helloboot.tobyspringboot.HelloServiceTest" time="0.002"/>
  <system-out><![CDATA[]]></system-out>
  <system-err><![CDATA[]]></system-err>
</testsuite>
