<?xml version="1.0" encoding="UTF-8"?>
<testsuite name="helloboot.tobyspringboot.JdbcTemplateTest" tests="2" skipped="0" failures="0" errors="0" timestamp="2023-02-13T15:53:49" hostname="bjp-Macmini.local" time="0.027">
  <properties/>
  <testcase name="insertAndQuery2()" classname="helloboot.tobyspringboot.JdbcTemplateTest" time="0.018"/>
  <testcase name="insertAndQuery()" classname="helloboot.tobyspringboot.JdbcTemplateTest" time="0.006"/>
  <system-out><![CDATA[2023-02-14T00:53:49.255+09:00  INFO 19865 --- [    Test worker] t.c.s.AnnotationConfigContextLoaderUtils : Could not detect default configuration classes for test class [helloboot.tobyspringboot.JdbcTemplateTest]: JdbcTemplateTest does not declare any static, non-private, non-final, nested classes annotated with @Configuration.
2023-02-14T00:53:49.274+09:00  INFO 19865 --- [    Test worker] .b.t.c.SpringBootTestContextBootstrapper : Found @SpringBootConfiguration helloboot.tobyspringboot.TobySpringBootApplication for test class helloboot.tobyspringboot.JdbcTemplateTest
]]></system-out>
  <system-err><![CDATA[]]></system-err>
</testsuite>
