<?xml version="1.0" encoding="UTF-8"?>
<testsuite name="helloboot.tobyspringboot.HelloServiceCountTest" tests="1" skipped="0" failures="0" errors="0" timestamp="2023-02-13T15:53:49" hostname="bjp-Macmini.local" time="0.026">
  <properties/>
  <testcase name="sayHelloIncreaseCount()" classname="helloboot.tobyspringboot.HelloServiceCountTest" time="0.026"/>
  <system-out><![CDATA[2023-02-14T00:53:49.169+09:00  INFO 19865 --- [    Test worker] t.c.s.AnnotationConfigContextLoaderUtils : Could not detect default configuration classes for test class [helloboot.tobyspringboot.HelloServiceCountTest]: HelloServiceCountTest does not declare any static, non-private, non-final, nested classes annotated with @Configuration.
2023-02-14T00:53:49.184+09:00  INFO 19865 --- [    Test worker] .b.t.c.SpringBootTestContextBootstrapper : Found @SpringBootConfiguration helloboot.tobyspringboot.TobySpringBootApplication for test class helloboot.tobyspringboot.HelloServiceCountTest
]]></system-out>
  <system-err><![CDATA[]]></system-err>
</testsuite>
